<?xml version="1.0" encoding="UTF-8"?>
<!-- Generated by org.testng.reporters.JUnitReportReporter -->
<testsuite hostname="LAPTOP-5TDE4CAN" failures="0" tests="1" name="extentReportScreenshot.ExtReport" time="8.570" errors="0" timestamp="2022-11-11T15:23:22 IST" skipped="0">
  <testcase classname="extentReportScreenshot.ExtReport" name="Screenshot" time="8.570"/>
  <system-out/>
</testsuite> <!-- extentReportScreenshot.ExtReport -->
