<?xml version="1.0" encoding="UTF-8"?>
<!-- Generated by org.testng.reporters.JUnitReportReporter -->
<testsuite hostname="LAPTOP-5TDE4CAN" failures="0" tests="1" name="script.Hello" time="9.365" errors="0" timestamp="2022-11-04T20:01:01 IST" skipped="0">
  <testcase classname="script.Hello" name="script" time="9.365"/>
  <system-out/>
</testsuite> <!-- script.Hello -->
