<?xml version="1.0" encoding="UTF-8"?>
<!-- Generated by org.testng.reporters.JUnitReportReporter -->
<testsuite hostname="LAPTOP-5TDE4CAN" failures="0" tests="1" name="verification.HardAssert" time="12.071" errors="0" timestamp="2022-11-02T19:11:07 IST" skipped="0">
  <testcase classname="verification.HardAssert" name="verify" time="12.071"/>
  <system-out/>
</testsuite> <!-- verification.HardAssert -->
