<?xml version="1.0" encoding="UTF-8"?>
<!-- Generated by org.testng.reporters.JUnitReportReporter -->
<testsuite hostname="LAPTOP-5TDE4CAN" failures="0" tests="1" name="ParallelExecution.ChromeParallelClass" time="24.463" errors="0" timestamp="2022-11-08T19:59:26 IST" skipped="0">
  <testcase classname="ParallelExecution.ChromeParallelClass" name="script" time="24.463"/>
  <system-out/>
</testsuite> <!-- ParallelExecution.ChromeParallelClass -->
