<?xml version="1.0" encoding="UTF-8"?>
<!-- Generated by org.testng.reporters.JUnitReportReporter -->
<testsuite hostname="LAPTOP-5TDE4CAN" failures="0" tests="1" name="frames.TS2" time="5.032" errors="0" timestamp="2022-11-03T14:15:33 IST" skipped="0">
  <testcase classname="frames.TS2" name="openapplication" time="5.032"/>
  <system-out>
    <![CDATA[email enterered...
password  entered...
All the data is submitted...]]>
  </system-out>
</testsuite> <!-- frames.TS2 -->
