<?xml version="1.0" encoding="UTF-8"?>
<!-- Generated by org.testng.reporters.JUnitReportReporter -->
<testsuite hostname="LAPTOP-5TDE4CAN" failures="0" tests="4" name="javaPackage.Priorityscript" time="0.011" errors="0" timestamp="2022-10-28T23:19:04 IST" skipped="0">
  <testcase classname="javaPackage.Priorityscript" name="Signup" time="0.006"/>
  <system-out/>
  <testcase classname="javaPackage.Priorityscript" name="login" time="0.001"/>
  <system-out/>
  <testcase classname="javaPackage.Priorityscript" name="cart" time="0.003"/>
  <system-out/>
  <testcase classname="javaPackage.Priorityscript" name="logout" time="0.001"/>
  <system-out/>
</testsuite> <!-- javaPackage.Priorityscript -->
