<?xml version="1.0" encoding="UTF-8"?>
<!-- Generated by org.testng.reporters.JUnitReportReporter -->
<testsuite hostname="LAPTOP-5TDE4CAN" failures="0" tests="5" name="javaPackage.DisableElement" time="0.007" errors="0" timestamp="2022-10-28T23:25:17 IST" skipped="2">
  <testcase classname="javaPackage.DisableElement" name="login" time="0.005"/>
  <system-out/>
  <testcase classname="javaPackage.DisableElement" name="login" time="0.001"/>
  <system-out/>
  <testcase classname="javaPackage.DisableElement" name="logout" time="0.001"/>
  <system-out/>
  <testcase classname="javaPackage.DisableElement" name="Signup">
    <skipped/>
  </testcase> <!-- Signup -->
  <system-out/>
  <testcase classname="javaPackage.DisableElement" name="cart">
    <skipped/>
  </testcase> <!-- cart -->
  <system-out/>
</testsuite> <!-- javaPackage.DisableElement -->
