<?xml version="1.0" encoding="UTF-8"?>
<!-- Generated by org.testng.reporters.JUnitReportReporter -->
<testsuite hostname="LAPTOP-5TDE4CAN" failures="0" tests="4" name="javaPackage.DependencyScript" time="0.007" errors="0" timestamp="2022-11-01T17:16:12 IST" skipped="0">
  <testcase classname="javaPackage.DependencyScript" name="cart" time="0.001"/>
  <system-out/>
  <testcase classname="javaPackage.DependencyScript" name="logout" time="0.001"/>
  <system-out/>
  <testcase classname="javaPackage.DependencyScript" name="signup" time="0.005"/>
  <system-out/>
  <testcase classname="javaPackage.DependencyScript" name="login" time="0.000"/>
  <system-out/>
</testsuite> <!-- javaPackage.DependencyScript -->
