<?xml version="1.0" encoding="UTF-8"?>
<!-- Generated by org.testng.reporters.JUnitReportReporter -->
<testsuite hostname="LAPTOP-5TDE4CAN" failures="0" tests="2" name="groupExecution.GrpExecution" time="0.006" errors="0" timestamp="2022-11-08T14:56:19 IST" skipped="0">
  <testcase classname="groupExecution.GrpExecution" name="eduloan" time="0.005"/>
  <system-out/>
  <testcase classname="groupExecution.GrpExecution" name="marriageloan" time="0.001"/>
  <system-out/>
</testsuite> <!-- groupExecution.GrpExecution -->
