<?xml version="1.0" encoding="UTF-8"?>
<!-- Generated by org.testng.reporters.JUnitReportReporter -->
<testsuite hostname="LAPTOP-5TDE4CAN" failures="0" tests="1" name="frames.Testscript" time="12.307" errors="0" timestamp="2022-11-03T14:14:59 IST" skipped="0">
  <testcase classname="frames.Testscript" name="demoqa" time="12.307"/>
  <system-out>
    <![CDATA[username enterered...
Email  entered...
current Addr  entered...
permanent Addr  entered...
All the data is submitted...]]>
  </system-out>
</testsuite> <!-- frames.Testscript -->
