<?xml version="1.0" encoding="UTF-8"?>
<!-- Generated by org.testng.reporters.JUnitReportReporter -->
<testsuite hostname="LAPTOP-5TDE4CAN" failures="0" tests="1" name="extentReportScreenshot.FailedCaseScreenShot" time="7.945" errors="0" timestamp="2022-11-11T15:54:33 IST" skipped="0">
  <testcase classname="extentReportScreenshot.FailedCaseScreenShot" name="passscreenshot" time="7.945"/>
  <system-out/>
</testsuite> <!-- extentReportScreenshot.FailedCaseScreenShot -->
