<?xml version="1.0" encoding="UTF-8"?>
<!-- Generated by org.testng.reporters.JUnitReportReporter -->
<testsuite hostname="LAPTOP-5TDE4CAN" failures="0" tests="2" name="javaPackage.Firstscript" time="0.010" errors="0" timestamp="2022-10-28T19:30:36 IST" skipped="0">
  <testcase classname="javaPackage.Firstscript" name="test" time="0.007"/>
  <system-out>
    <![CDATA[Beginning of framework]]>
  </system-out>
  <testcase classname="javaPackage.Firstscript" name="test1" time="0.003"/>
  <system-out>
    <![CDATA[End of framework]]>
  </system-out>
</testsuite> <!-- javaPackage.Firstscript -->
