<?xml version="1.0" encoding="UTF-8"?>
<!-- Generated by org.testng.reporters.JUnitReportReporter -->
<testsuite hostname="LAPTOP-5TDE4CAN" failures="0" tests="2" name="ParallelExecution.MethodExecution" time="8.937" errors="0" timestamp="2022-11-08T19:46:15 IST" skipped="0">
  <testcase classname="ParallelExecution.MethodExecution" name="Firefox" time="5.066"/>
  <system-out/>
  <testcase classname="ParallelExecution.MethodExecution" name="chrome" time="3.871"/>
  <system-out/>
</testsuite> <!-- ParallelExecution.MethodExecution -->
