<?xml version="1.0" encoding="UTF-8"?>
<!-- Generated by org.testng.reporters.JUnitReportReporter -->
<testsuite hostname="LAPTOP-5TDE4CAN" failures="0" tests="1" name="Exceldatafetch.Signup" time="9.067" errors="0" timestamp="2022-11-07T22:39:31 IST" skipped="0">
  <testcase classname="Exceldatafetch.Signup" name="signup" time="9.067"/>
  <system-out/>
</testsuite> <!-- Exceldatafetch.Signup -->
