<?xml version="1.0" encoding="UTF-8"?>
<!-- Generated by org.testng.reporters.JUnitReportReporter -->
<testsuite hostname="LAPTOP-5TDE4CAN" failures="0" tests="2" name="scipts.DataProviderClass" time="0.006" errors="0" timestamp="2022-11-01T22:51:57 IST" skipped="0">
  <testcase classname="scipts.DataProviderClass" name="Test" time="0.001"/>
  <system-out/>
  <testcase classname="scipts.DataProviderClass" name="Test" time="0.005"/>
  <system-out/>
</testsuite> <!-- scipts.DataProviderClass -->
