<?xml version="1.0" encoding="UTF-8"?>
<!-- Generated by org.testng.reporters.JUnitReportReporter -->
<testsuite hostname="LAPTOP-5TDE4CAN" failures="0" tests="1" name="groupExecution.ParametrsExample" time="5.626" errors="0" timestamp="2022-11-07T22:36:56 IST" skipped="0">
  <testcase classname="groupExecution.ParametrsExample" name="sample" time="5.626"/>
  <system-out/>
</testsuite> <!-- groupExecution.ParametrsExample -->
