<?xml version="1.0" encoding="UTF-8"?>
<!-- Generated by org.testng.reporters.JUnitReportReporter -->
<testsuite hostname="LAPTOP-5TDE4CAN" failures="0" tests="2" name="scipts.TS_1" time="18.393" errors="0" timestamp="2022-11-02T22:31:05 IST" skipped="0">
  <testcase classname="scipts.TS_1" name="signup" time="6.408"/>
  <system-out/>
  <testcase classname="scipts.TS_1" name="signup" time="11.985"/>
  <system-out/>
</testsuite> <!-- scipts.TS_1 -->
