<?xml version="1.0" encoding="UTF-8"?>
<!-- Generated by org.testng.reporters.JUnitReportReporter -->
<testsuite hostname="LAPTOP-5TDE4CAN" failures="0" tests="1" name="propertyFilepackage.cpropertyfile" time="0.007" errors="0" timestamp="2022-11-10T13:41:05 IST" skipped="0">
  <testcase classname="propertyFilepackage.cpropertyfile" name="script" time="0.007"/>
  <system-out/>
</testsuite> <!-- propertyFilepackage.cpropertyfile -->
