<?xml version="1.0" encoding="UTF-8"?>
<!-- Generated by org.testng.reporters.JUnitReportReporter -->
<testsuite hostname="LAPTOP-5TDE4CAN" failures="0" tests="1" name="POMcombintOfTnP.TS_1" time="7.760" errors="0" timestamp="2022-11-07T22:44:11 IST" skipped="0">
  <testcase classname="POMcombintOfTnP.TS_1" name="signup" time="7.760"/>
  <system-out/>
</testsuite> <!-- POMcombintOfTnP.TS_1 -->
