<?xml version="1.0" encoding="UTF-8"?>
<!-- Generated by org.testng.reporters.JUnitReportReporter -->
<testsuite hostname="LAPTOP-5TDE4CAN" failures="0" tests="2" name="scipts.NormalcClass" time="0.005" errors="0" timestamp="2022-11-01T22:51:27 IST" skipped="0">
  <testcase classname="scipts.NormalcClass" name="Test" time="0.001"/>
  <system-out/>
  <testcase classname="scipts.NormalcClass" name="Test" time="0.004"/>
  <system-out/>
</testsuite> <!-- scipts.NormalcClass -->
