<?xml version="1.0" encoding="UTF-8"?>
<!-- Generated by org.testng.reporters.JUnitReportReporter -->
<testsuite hostname="LAPTOP-5TDE4CAN" failures="0" tests="1" name="ParallelExecution.FirefoxparallelClass" time="10.315" errors="0" timestamp="2022-11-08T19:59:26 IST" skipped="0">
  <testcase classname="ParallelExecution.FirefoxparallelClass" name="script" time="10.315"/>
  <system-out/>
</testsuite> <!-- ParallelExecution.FirefoxparallelClass -->
